<?xml version="1.0" encoding="UTF-8"?>
<!-- Generated by org.testng.reporters.JUnitXMLReporter -->
<testsuite ignored="0" hostname="COREPG03EKWY" failures="1" tests="7" name="register" time="182.255" errors="0" timestamp="2025-11-13T18:00:38 IST">
  <testcase classname="shop.test.RegisterTest" name="caom" time="0.31"/>
  <testcase classname="shop.test.RegisterTest" name="exisitingUserRegistration" time="16.034"/>
  <testcase classname="shop.test.RegisterTest" name="loginIntoTheApllication" time="12.568"/>
  <testcase classname="shop.test.RegisterTest" name="loginIntowithInavlidEmail" time="2.802"/>
  <testcase classname="shop.test.RegisterTest" name="loginIntowithInavlidPass" time="2.899"/>
  <testcase classname="shop.test.RegisterTest" name="newRun" time="0.007"/>
  <testcase classname="shop.test.RegisterTest" name="testRegister" time="26.208">
    <failure type="java.lang.AssertionError" message="❌ Success message mismatch! expected [Your registration completed] but found [The specified email already exists]">
      <![CDATA[java.lang.AssertionError: ❌ Success message mismatch! expected [Your registration completed] but found [The specified email already exists]
at shop.test.RegisterTest.testRegister(RegisterTest.java:37)
at java.base/java.util.ArrayList.forEach(ArrayList.java:1596)
at java.base/java.util.concurrent.FutureTask.run(FutureTask.java:317)
at java.base/java.util.concurrent.ThreadPoolExecutor.runWorker(ThreadPoolExecutor.java:1144)
at java.base/java.util.concurrent.ThreadPoolExecutor$Worker.run(ThreadPoolExecutor.java:642)
at java.base/java.lang.Thread.run(Thread.java:1583)
... Removed 20 stack frames]]>
    </failure>
  </testcase> <!-- testRegister -->
</testsuite> <!-- register -->
