<?xml version="1.0" encoding="UTF-8"?>
<!-- Generated by org.testng.reporters.JUnitXMLReporter -->
<testsuite ignored="7" hostname="COREPG03EKWY" failures="0" tests="0" time="0.04" errors="0" timestamp="2025-11-13T17:57:36 IST">
  <testcase classname="shop.test.RegisterTest" name="exisitingUserRegistration" time="0.0">
    <ignored/>
  </testcase> <!-- exisitingUserRegistration -->
  <testcase classname="shop.test.RegisterTest" name="loginIntowithInavlidEmail" time="0.0">
    <ignored/>
  </testcase> <!-- loginIntowithInavlidEmail -->
  <testcase classname="shop.test.RegisterTest" name="newRun" time="0.0">
    <ignored/>
  </testcase> <!-- newRun -->
  <testcase classname="shop.test.RegisterTest" name="testRegister" time="0.0">
    <ignored/>
  </testcase> <!-- testRegister -->
  <testcase classname="shop.test.RegisterTest" name="loginIntoTheApllication" time="0.0">
    <ignored/>
  </testcase> <!-- loginIntoTheApllication -->
  <testcase classname="shop.test.RegisterTest" name="caom" time="0.0">
    <ignored/>
  </testcase> <!-- caom -->
  <testcase classname="shop.test.RegisterTest" name="loginIntowithInavlidPass" time="0.0">
    <ignored/>
  </testcase> <!-- loginIntowithInavlidPass -->
</testsuite>
