<?xml version="1.0" encoding="UTF-8"?>
<testng-results ignored="0" total="1" passed="1" failed="0" skipped="0">
  <reporter-output>
  </reporter-output>
  <suite started-at="2025-11-11T17:52:41 IST" name="Default suite" finished-at="2025-11-11T17:54:24 IST" duration-ms="102764">
    <groups>
    </groups>
    <test started-at="2025-11-11T17:52:41 IST" name="Default test" finished-at="2025-11-11T17:54:24 IST" duration-ms="102764">
      <class name="shop.test.AddProductToWishListTest">
        <test-method is-config="true" signature="launch()[pri:0, instance:shop.test.AddProductToWishListTest@662ac478]" started-at="2025-11-11T17:52:41 IST" name="launch" finished-at="2025-11-11T17:52:54 IST" duration-ms="12646" status="PASS">
          <reporter-output>
          </reporter-output>
        </test-method> <!-- launch -->
        <test-method signature="addFirst()[pri:0, instance:shop.test.AddProductToWishListTest@662ac478]" started-at="2025-11-11T17:52:54 IST" name="addFirst" finished-at="2025-11-11T17:54:24 IST" duration-ms="90015" status="PASS">
          <reporter-output>
          </reporter-output>
        </test-method> <!-- addFirst -->
      </class> <!-- shop.test.AddProductToWishListTest -->
    </test> <!-- Default test -->
  </suite> <!-- Default suite -->
</testng-results>
