<?xml version="1.0" encoding="UTF-8"?>
<testng-results ignored="7" total="14" passed="6" failed="1" skipped="0">
  <reporter-output>
  </reporter-output>
  <suite started-at="2025-11-13T17:57:35 IST" name="Suite" finished-at="2025-11-13T18:00:38 IST" duration-ms="182255">
    <groups>
      <group name="sanity">
        <method signature="RegisterTest.exisitingUserRegistration()[pri:0, instance:shop.test.RegisterTest@7642df8f]" name="exisitingUserRegistration" class="shop.test.RegisterTest"/>
        <method signature="RegisterTest.loginIntoTheApllication()[pri:0, instance:shop.test.RegisterTest@7642df8f]" name="loginIntoTheApllication" class="shop.test.RegisterTest"/>
        <method signature="RegisterTest.loginIntowithInavlidEmail()[pri:0, instance:shop.test.RegisterTest@7642df8f]" name="loginIntowithInavlidEmail" class="shop.test.RegisterTest"/>
        <method signature="RegisterTest.testRegister()[pri:0, instance:shop.test.RegisterTest@7642df8f]" name="testRegister" class="shop.test.RegisterTest"/>
      </group> <!-- sanity -->
    </groups>
    <test started-at="2025-11-13T17:57:35 IST" name="Test" finished-at="2025-11-13T17:57:35 IST" duration-ms="40">
    </test> <!-- Test -->
    <test started-at="2025-11-13T17:57:35 IST" name="register" finished-at="2025-11-13T18:00:38 IST" duration-ms="182255">
      <class name="shop.test.RegisterTest">
        <test-method is-config="true" signature="launch()[pri:0, instance:shop.test.RegisterTest@7642df8f]" started-at="2025-11-13T17:57:35 IST" name="launch" finished-at="2025-11-13T17:57:52 IST" duration-ms="16351" status="PASS">
          <reporter-output>
          </reporter-output>
        </test-method> <!-- launch -->
        <test-method signature="caom()[pri:0, instance:shop.test.RegisterTest@7642df8f]" started-at="2025-11-13T17:57:52 IST" name="caom" finished-at="2025-11-13T17:57:52 IST" duration-ms="310" status="PASS">
          <reporter-output>
          </reporter-output>
        </test-method> <!-- caom -->
        <test-method is-config="true" signature="tearDown()[pri:0, instance:shop.test.RegisterTest@7642df8f]" started-at="2025-11-13T17:57:52 IST" name="tearDown" finished-at="2025-11-13T17:57:55 IST" duration-ms="2893" status="PASS">
          <reporter-output>
          </reporter-output>
        </test-method> <!-- tearDown -->
        <test-method is-config="true" signature="launch()[pri:0, instance:shop.test.RegisterTest@7642df8f]" started-at="2025-11-13T17:57:55 IST" name="launch" finished-at="2025-11-13T17:58:14 IST" duration-ms="18754" status="PASS">
          <reporter-output>
          </reporter-output>
        </test-method> <!-- launch -->
        <test-method signature="exisitingUserRegistration()[pri:0, instance:shop.test.RegisterTest@7642df8f]" started-at="2025-11-13T17:58:14 IST" name="exisitingUserRegistration" finished-at="2025-11-13T17:58:30 IST" duration-ms="16034" status="PASS">
          <reporter-output>
          </reporter-output>
        </test-method> <!-- exisitingUserRegistration -->
        <test-method is-config="true" signature="tearDown()[pri:0, instance:shop.test.RegisterTest@7642df8f]" started-at="2025-11-13T17:58:30 IST" name="tearDown" finished-at="2025-11-13T17:58:30 IST" duration-ms="380" status="PASS">
          <reporter-output>
          </reporter-output>
        </test-method> <!-- tearDown -->
        <test-method is-config="true" signature="launch()[pri:0, instance:shop.test.RegisterTest@7642df8f]" started-at="2025-11-13T17:58:30 IST" name="launch" finished-at="2025-11-13T17:58:46 IST" duration-ms="15878" status="PASS">
          <reporter-output>
          </reporter-output>
        </test-method> <!-- launch -->
        <test-method signature="loginIntoTheApllication()[pri:0, instance:shop.test.RegisterTest@7642df8f]" started-at="2025-11-13T17:58:46 IST" name="loginIntoTheApllication" finished-at="2025-11-13T17:58:59 IST" duration-ms="12568" status="PASS">
          <reporter-output>
          </reporter-output>
        </test-method> <!-- loginIntoTheApllication -->
        <test-method is-config="true" signature="tearDown()[pri:0, instance:shop.test.RegisterTest@7642df8f]" started-at="2025-11-13T17:58:59 IST" name="tearDown" finished-at="2025-11-13T17:58:59 IST" duration-ms="574" status="PASS">
          <reporter-output>
          </reporter-output>
        </test-method> <!-- tearDown -->
        <test-method is-config="true" signature="launch()[pri:0, instance:shop.test.RegisterTest@7642df8f]" started-at="2025-11-13T17:58:59 IST" name="launch" finished-at="2025-11-13T17:59:12 IST" duration-ms="12906" status="PASS">
          <reporter-output>
          </reporter-output>
        </test-method> <!-- launch -->
        <test-method signature="loginIntowithInavlidEmail()[pri:0, instance:shop.test.RegisterTest@7642df8f]" started-at="2025-11-13T17:59:12 IST" name="loginIntowithInavlidEmail" finished-at="2025-11-13T17:59:15 IST" duration-ms="2802" status="PASS">
          <reporter-output>
          </reporter-output>
        </test-method> <!-- loginIntowithInavlidEmail -->
        <test-method is-config="true" signature="tearDown()[pri:0, instance:shop.test.RegisterTest@7642df8f]" started-at="2025-11-13T17:59:15 IST" name="tearDown" finished-at="2025-11-13T17:59:16 IST" duration-ms="636" status="PASS">
          <reporter-output>
          </reporter-output>
        </test-method> <!-- tearDown -->
        <test-method is-config="true" signature="launch()[pri:0, instance:shop.test.RegisterTest@7642df8f]" started-at="2025-11-13T17:59:16 IST" name="launch" finished-at="2025-11-13T17:59:31 IST" duration-ms="14910" status="PASS">
          <reporter-output>
          </reporter-output>
        </test-method> <!-- launch -->
        <test-method signature="loginIntowithInavlidPass()[pri:0, instance:shop.test.RegisterTest@7642df8f]" started-at="2025-11-13T17:59:31 IST" name="loginIntowithInavlidPass" finished-at="2025-11-13T17:59:34 IST" duration-ms="2899" status="PASS">
          <reporter-output>
          </reporter-output>
        </test-method> <!-- loginIntowithInavlidPass -->
        <test-method is-config="true" signature="tearDown()[pri:0, instance:shop.test.RegisterTest@7642df8f]" started-at="2025-11-13T17:59:34 IST" name="tearDown" finished-at="2025-11-13T17:59:34 IST" duration-ms="279" status="PASS">
          <reporter-output>
          </reporter-output>
        </test-method> <!-- tearDown -->
        <test-method is-config="true" signature="launch()[pri:0, instance:shop.test.RegisterTest@7642df8f]" started-at="2025-11-13T17:59:34 IST" name="launch" finished-at="2025-11-13T17:59:49 IST" duration-ms="15345" status="PASS">
          <reporter-output>
          </reporter-output>
        </test-method> <!-- launch -->
        <test-method signature="newRun()[pri:0, instance:shop.test.RegisterTest@7642df8f]" started-at="2025-11-13T17:59:49 IST" name="newRun" finished-at="2025-11-13T17:59:49 IST" duration-ms="7" status="PASS">
          <reporter-output>
          </reporter-output>
        </test-method> <!-- newRun -->
        <test-method is-config="true" signature="tearDown()[pri:0, instance:shop.test.RegisterTest@7642df8f]" started-at="2025-11-13T17:59:49 IST" name="tearDown" finished-at="2025-11-13T17:59:50 IST" duration-ms="326" status="PASS">
          <reporter-output>
          </reporter-output>
        </test-method> <!-- tearDown -->
        <test-method is-config="true" signature="launch()[pri:0, instance:shop.test.RegisterTest@7642df8f]" started-at="2025-11-13T17:59:50 IST" name="launch" finished-at="2025-11-13T18:00:00 IST" duration-ms="10065" status="PASS">
          <reporter-output>
          </reporter-output>
        </test-method> <!-- launch -->
        <test-method signature="testRegister()[pri:0, instance:shop.test.RegisterTest@7642df8f]" started-at="2025-11-13T18:00:00 IST" name="testRegister" finished-at="2025-11-13T18:00:26 IST" duration-ms="26208" status="FAIL">
          <exception class="java.lang.AssertionError">
            <message>
              <![CDATA[❌ Success message mismatch! expected [Your registration completed] but found [The specified email already exists]]]>
            </message>
            <full-stacktrace>
              <![CDATA[java.lang.AssertionError: ❌ Success message mismatch! expected [Your registration completed] but found [The specified email already exists]
at org.testng.Assert.fail(Assert.java:111)
at org.testng.Assert.failNotEquals(Assert.java:1590)
at org.testng.Assert.assertEqualsImpl(Assert.java:150)
at org.testng.Assert.assertEquals(Assert.java:132)
at org.testng.Assert.assertEquals(Assert.java:656)
at shop.test.RegisterTest.testRegister(RegisterTest.java:37)
at java.base/jdk.internal.reflect.DirectMethodHandleAccessor.invoke(DirectMethodHandleAccessor.java:103)
at java.base/java.lang.reflect.Method.invoke(Method.java:580)
at org.testng.internal.invokers.MethodInvocationHelper.invokeMethod(MethodInvocationHelper.java:141)
at org.testng.internal.invokers.TestInvoker.invokeMethod(TestInvoker.java:687)
at org.testng.internal.invokers.TestInvoker.invokeTestMethod(TestInvoker.java:230)
at org.testng.internal.invokers.MethodRunner.runInSequence(MethodRunner.java:63)
at org.testng.internal.invokers.TestInvoker$MethodInvocationAgent.invoke(TestInvoker.java:995)
at org.testng.internal.invokers.TestInvoker.invokeTestMethods(TestInvoker.java:203)
at org.testng.internal.invokers.TestMethodWorker.invokeTestMethods(TestMethodWorker.java:154)
at org.testng.internal.invokers.TestMethodWorker.run(TestMethodWorker.java:134)
at java.base/java.util.ArrayList.forEach(ArrayList.java:1596)
at org.testng.TestRunner.privateRun(TestRunner.java:741)
at org.testng.TestRunner.run(TestRunner.java:616)
at org.testng.SuiteRunner.runTest(SuiteRunner.java:421)
at org.testng.SuiteRunner$SuiteWorker.run(SuiteRunner.java:463)
at org.testng.internal.thread.ThreadUtil.lambda$execute$0(ThreadUtil.java:64)
at java.base/java.util.concurrent.FutureTask.run(FutureTask.java:317)
at java.base/java.util.concurrent.ThreadPoolExecutor.runWorker(ThreadPoolExecutor.java:1144)
at java.base/java.util.concurrent.ThreadPoolExecutor$Worker.run(ThreadPoolExecutor.java:642)
at java.base/java.lang.Thread.run(Thread.java:1583)
]]>
            </full-stacktrace>
          </exception> <!-- java.lang.AssertionError -->
          <reporter-output>
          </reporter-output>
        </test-method> <!-- testRegister -->
        <test-method is-config="true" signature="tearDown()[pri:0, instance:shop.test.RegisterTest@7642df8f]" started-at="2025-11-13T18:00:27 IST" name="tearDown" finished-at="2025-11-13T18:00:38 IST" duration-ms="10950" status="PASS">
          <reporter-output>
          </reporter-output>
        </test-method> <!-- tearDown -->
      </class> <!-- shop.test.RegisterTest -->
    </test> <!-- register -->
  </suite> <!-- Suite -->
</testng-results>
